<?xml version="1.0" encoding="UTF-8"?>
<testsuites>
  <testsuite name="C:\Users\DELL\Gestionnaire de Posts\phpunit.xml" tests="11" assertions="27" errors="0" failures="0" skipped="0" time="1.655721">
    <testsuite name="Unit" tests="3" assertions="6" errors="0" failures="0" skipped="0" time="1.089277">
      <testsuite name="Tests\Unit\ExampleTest" file="C:\Users\DELL\Gestionnaire de Posts\tests\Unit\ExampleTest.php" tests="1" assertions="1" errors="0" failures="0" skipped="0" time="0.019000">
        <testcase name="test_that_true_is_true" file="C:\Users\DELL\Gestionnaire de Posts\tests\Unit\ExampleTest.php" line="12" class="Tests\Unit\ExampleTest" classname="Tests.Unit.ExampleTest" assertions="1" time="0.019000"/>
      </testsuite>
      <testsuite name="Tests\Unit\PostTest" file="C:\Users\DELL\Gestionnaire de Posts\tests\Unit\PostTest.php" tests="2" assertions="5" errors="0" failures="0" skipped="0" time="1.070277">
        <testcase name="it_can_create_a_post" file="C:\Users\DELL\Gestionnaire de Posts\tests\Unit\PostTest.php" line="15" class="Tests\Unit\PostTest" classname="Tests.Unit.PostTest" assertions="4" time="1.025017"/>
        <testcase name="it_requires_title_and_content" file="C:\Users\DELL\Gestionnaire de Posts\tests\Unit\PostTest.php" line="37" class="Tests\Unit\PostTest" classname="Tests.Unit.PostTest" assertions="1" time="0.045260"/>
      </testsuite>
    </testsuite>
    <testsuite name="Feature" tests="8" assertions="21" errors="0" failures="0" skipped="0" time="0.566444">
      <testsuite name="Tests\Feature\ExampleTest" file="C:\Users\DELL\Gestionnaire de Posts\tests\Feature\ExampleTest.php" tests="1" assertions="2" errors="0" failures="0" skipped="0" time="0.233000">
        <testcase name="test_the_application_returns_a_successful_response" file="C:\Users\DELL\Gestionnaire de Posts\tests\Feature\ExampleTest.php" line="13" class="Tests\Feature\ExampleTest" classname="Tests.Feature.ExampleTest" assertions="2" time="0.233000"/>
      </testsuite>
      <testsuite name="Tests\Feature\PostTest" file="C:\Users\DELL\Gestionnaire de Posts\tests\Feature\PostTest.php" tests="7" assertions="19" errors="0" failures="0" skipped="0" time="0.333444">
        <testcase name="it_can_display_all_posts" file="C:\Users\DELL\Gestionnaire de Posts\tests\Feature\PostTest.php" line="15" class="Tests\Feature\PostTest" classname="Tests.Feature.PostTest" assertions="2" time="0.155455"/>
        <testcase name="it_can_create_a_post" file="C:\Users\DELL\Gestionnaire de Posts\tests\Feature\PostTest.php" line="29" class="Tests\Feature\PostTest" classname="Tests.Feature.PostTest" assertions="3" time="0.055077"/>
        <testcase name="it_can_show_a_post" file="C:\Users\DELL\Gestionnaire de Posts\tests\Feature\PostTest.php" line="48" class="Tests\Feature\PostTest" classname="Tests.Feature.PostTest" assertions="3" time="0.021657"/>
        <testcase name="it_can_update_a_post" file="C:\Users\DELL\Gestionnaire de Posts\tests\Feature\PostTest.php" line="63" class="Tests\Feature\PostTest" classname="Tests.Feature.PostTest" assertions="3" time="0.029026"/>
        <testcase name="it_can_delete_a_post" file="C:\Users\DELL\Gestionnaire de Posts\tests\Feature\PostTest.php" line="86" class="Tests\Feature\PostTest" classname="Tests.Feature.PostTest" assertions="3" time="0.022010"/>
        <testcase name="it_validates_required_fields" file="C:\Users\DELL\Gestionnaire de Posts\tests\Feature\PostTest.php" line="104" class="Tests\Feature\PostTest" classname="Tests.Feature.PostTest" assertions="3" time="0.027118"/>
        <testcase name="it_validates_title_max_length" file="C:\Users\DELL\Gestionnaire de Posts\tests\Feature\PostTest.php" line="114" class="Tests\Feature\PostTest" classname="Tests.Feature.PostTest" assertions="2" time="0.023100"/>
      </testsuite>
    </testsuite>
  </testsuite>
</testsuites>
